<?xml version="1.0" encoding="UTF-8"?>
<!-- Generated by org.testng.reporters.JUnitXMLReporter -->
<testsuite ignored="0" hostname="DESKTOP-1U92PBD" failures="0" tests="3" name="Default test" time="0.074" errors="0" timestamp="2022-12-09T09:35:45 CST">
  <testcase classname="ColorJava.blockString" name="run1" time="0.012"/>
  <testcase classname="ColorJava.blockString" name="run2" time="0.002"/>
  <testcase classname="ColorJava.blockString" name="run3" time="0.002"/>
</testsuite> <!-- Default test -->
