<?xml version="1.0" encoding="UTF-8"?>
<!-- Generated by org.testng.reporters.JUnitXMLReporter -->
<testsuite ignored="0" hostname="Balajis-MBP.lan" failures="0" tests="3" name="Default test" time="0.039" errors="0" timestamp="2022-12-08T16:48:23 CST">
  <testcase classname="pro_gitbranch.pro5.MatchUp" name="test1" time="0.01"/>
  <testcase classname="pro_gitbranch.pro5.MatchUp" name="test2" time="0.001"/>
  <testcase classname="pro_gitbranch.pro5.MatchUp" name="test3" time="0.001"/>
</testsuite> <!-- Default test -->
