<?xml version="1.0" encoding="UTF-8"?>
<testng-results ignored="0" total="3" passed="3" failed="0" skipped="0">
  <reporter-output>
  </reporter-output>
  <suite started-at="2022-12-09T15:43:46 CST" name="Default suite" finished-at="2022-12-09T15:43:46 CST" duration-ms="41">
    <groups>
    </groups>
    <test started-at="2022-12-09T15:43:46 CST" name="Default test" finished-at="2022-12-09T15:43:46 CST" duration-ms="41">
      <class name="moreY.AddMoreY">
        <test-method signature="test1()[pri:0, instance:moreY.AddMoreY@1ffe63b9]" started-at="2022-12-09T15:43:46 CST" name="test1" finished-at="2022-12-09T15:43:46 CST" duration-ms="12" status="PASS">
          <reporter-output>
          </reporter-output>
        </test-method> <!-- test1 -->
        <test-method signature="test2()[pri:0, instance:moreY.AddMoreY@1ffe63b9]" started-at="2022-12-09T15:43:46 CST" name="test2" finished-at="2022-12-09T15:43:46 CST" duration-ms="1" status="PASS">
          <reporter-output>
          </reporter-output>
        </test-method> <!-- test2 -->
        <test-method signature="test3()[pri:0, instance:moreY.AddMoreY@1ffe63b9]" started-at="2022-12-09T15:43:46 CST" name="test3" finished-at="2022-12-09T15:43:46 CST" duration-ms="1" status="PASS">
          <reporter-output>
          </reporter-output>
        </test-method> <!-- test3 -->
      </class> <!-- moreY.AddMoreY -->
    </test> <!-- Default test -->
  </suite> <!-- Default suite -->
</testng-results>
