<?xml version="1.0" encoding="UTF-8"?>
<testng-results ignored="0" total="3" passed="3" failed="0" skipped="0">
  <reporter-output>
  </reporter-output>
  <suite started-at="2022-12-09T18:28:26 CST" name="Default suite" finished-at="2022-12-09T18:28:27 CST" duration-ms="49">
    <groups>
    </groups>
    <test started-at="2022-12-09T18:28:26 CST" name="Default test" finished-at="2022-12-09T18:28:27 CST" duration-ms="49">
      <class name="forkproject.BlockString">
        <test-method signature="run1()[pri:0, instance:forkproject.BlockString@6e171cd7]" started-at="2022-12-09T18:28:27 CST" name="run1" finished-at="2022-12-09T18:28:27 CST" duration-ms="9" status="PASS">
          <reporter-output>
          </reporter-output>
        </test-method> <!-- run1 -->
        <test-method signature="run2()[pri:0, instance:forkproject.BlockString@6e171cd7]" started-at="2022-12-09T18:28:27 CST" name="run2" finished-at="2022-12-09T18:28:27 CST" duration-ms="2" status="PASS">
          <reporter-output>
          </reporter-output>
        </test-method> <!-- run2 -->
        <test-method signature="run3()[pri:0, instance:forkproject.BlockString@6e171cd7]" started-at="2022-12-09T18:28:27 CST" name="run3" finished-at="2022-12-09T18:28:27 CST" duration-ms="2" status="PASS">
          <reporter-output>
          </reporter-output>
        </test-method> <!-- run3 -->
      </class> <!-- forkproject.BlockString -->
    </test> <!-- Default test -->
  </suite> <!-- Default suite -->
</testng-results>
